Test started: testCase1
Start time: 2024-06-03 02:17:50
Test passed: testCase1
End time: 2024-06-03 02:17:56
Parameters: []
Test started: testCase1
Start time: 2024-06-03 02:55:38
Test passed: testCase1
End time: 2024-06-03 02:55:44
Parameters: []
RRRRRRRRRRRRRRRRRRRRRRRRRRRRRRRRRRRRRRRRRRRRRRRRRRRRRRRRRR
Test started: testCase1
Start time: 2024-06-03 02:58:47
Test passed: testCase1
End time: 2024-06-03 02:58:53
Parameters: []
Test started: testCase1
Start time: 2024-06-03 03:05:44
Test passed: testCase1
End time: 2024-06-03 03:05:50
Parameters: []
Test started: testCase1
Start time: 2024-06-03 03:09:47
Test passed: testCase1
End time: 2024-06-03 03:09:52
Parameters: []
Test started: testCase1
Start time: 2024-06-03 03:14:48
Test passed: testCase1
End time: 2024-06-03 03:14:54
Parameters: []
Test started: testCase1
Start time: 2024-06-03 03:16:15
Test skipped: testCase1
End time: 2024-06-03 03:16:15
Parameters: []
Test started: testCase1
Start time: 2024-06-03 03:24:53
Test passed: testCase1
End time: 2024-06-03 03:24:59
Parameters: []
Test started: testCase1
Start time: 2024-06-03 03:27:32
Test passed: testCase1
End time: 2024-06-03 03:27:37
Parameters: []
Test started: testCase1
Start time: 2024-06-04 02:47:43
Test passed: testCase1
End time: 2024-06-04 02:47:49
Parameters: []
Test started: testCase1
Start time: 2024-06-04 02:52:27
Test failed: testCase1
End time: 2024-06-04 02:52:33
Parameters: []
Reason: org.openqa.selenium.NoSuchWindowException: no such window: target window already closed
from unknown error: web view not found
  (Session info: chrome=125.0.6422.113)
Build info: version: '4.1.0', revision: '87802e897b'
System info: host: 'VIJAYAKUMAR', ip: '192.168.0.97', os.name: 'Windows 11', os.arch: 'amd64', os.version: '10.0', java.version: '17.0.4.1'
Driver info: org.openqa.selenium.chrome.ChromeDriver
Command: [13abcb1daface6a3c221600140b2e85d, findElement {using=xpath, value=//div[6]//a}]
Capabilities {acceptInsecureCerts: false, browserName: chrome, browserVersion: 125.0.6422.113, chrome: {chromedriverVersion: 125.0.6422.141 (4b1e8393712..., userDataDir: C:\Users\kanni\AppData\Loca...}, fedcm:accounts: true, goog:chromeOptions: {debuggerAddress: localhost:59042}, javascriptEnabled: true, networkConnectionEnabled: false, pageLoadStrategy: normal, platform: WINDOWS, platformName: WINDOWS, proxy: Proxy(), se:cdp: ws://localhost:59042/devtoo..., se:cdpVersion: 125.0.6422.113, setWindowRect: true, strictFileInteractability: false, timeouts: {implicit: 0, pageLoad: 300000, script: 30000}, unhandledPromptBehavior: dismiss and notify, webauthn:extension:credBlob: true, webauthn:extension:largeBlob: true, webauthn:extension:minPinLength: true, webauthn:extension:prf: true, webauthn:virtualAuthenticators: true}
Session ID: 13abcb1daface6a3c221600140b2e85d
Stack Trace: [java.base/jdk.internal.reflect.NativeConstructorAccessorImpl.newInstance0(Native Method), java.base/jdk.internal.reflect.NativeConstructorAccessorImpl.newInstance(NativeConstructorAccessorImpl.java:77), java.base/jdk.internal.reflect.DelegatingConstructorAccessorImpl.newInstance(DelegatingConstructorAccessorImpl.java:45), java.base/java.lang.reflect.Constructor.newInstanceWithCaller(Constructor.java:499), java.base/java.lang.reflect.Constructor.newInstance(Constructor.java:480), org.openqa.selenium.remote.codec.w3c.W3CHttpResponseCodec.createException(W3CHttpResponseCodec.java:200), org.openqa.selenium.remote.codec.w3c.W3CHttpResponseCodec.decode(W3CHttpResponseCodec.java:133), org.openqa.selenium.remote.codec.w3c.W3CHttpResponseCodec.decode(W3CHttpResponseCodec.java:53), org.openqa.selenium.remote.HttpCommandExecutor.execute(HttpCommandExecutor.java:184), org.openqa.selenium.remote.service.DriverCommandExecutor.invokeExecute(DriverCommandExecutor.java:164), org.openqa.selenium.remote.service.DriverCommandExecutor.execute(DriverCommandExecutor.java:139), org.openqa.selenium.remote.RemoteWebDriver.execute(RemoteWebDriver.java:559), org.openqa.selenium.remote.ElementLocation$ElementFinder$2.findElement(ElementLocation.java:162), org.openqa.selenium.remote.ElementLocation.findElement(ElementLocation.java:60), org.openqa.selenium.remote.RemoteWebDriver.findElement(RemoteWebDriver.java:383), org.openqa.selenium.remote.RemoteWebDriver.findElement(RemoteWebDriver.java:375), uiExecution.UIOperation.perform(UIOperation.java:124), uiExecution.UIOperation.Execution(UIOperation.java:107), testsuite.ReservationNowTestSuite.testCase1(ReservationNowTestSuite.java:55), java.base/jdk.internal.reflect.NativeMethodAccessorImpl.invoke0(Native Method), java.base/jdk.internal.reflect.NativeMethodAccessorImpl.invoke(NativeMethodAccessorImpl.java:77), java.base/jdk.internal.reflect.DelegatingMethodAccessorImpl.invoke(DelegatingMethodAccessorImpl.java:43), java.base/java.lang.reflect.Method.invoke(Method.java:568), org.testng.internal.MethodInvocationHelper.invokeMethod(MethodInvocationHelper.java:133), org.testng.internal.TestInvoker.invokeMethod(TestInvoker.java:598), org.testng.internal.TestInvoker.invokeTestMethod(TestInvoker.java:173), org.testng.internal.MethodRunner.runInSequence(MethodRunner.java:46), org.testng.internal.TestInvoker$MethodInvocationAgent.invoke(TestInvoker.java:824), org.testng.internal.TestInvoker.invokeTestMethods(TestInvoker.java:146), org.testng.internal.TestMethodWorker.invokeTestMethods(TestMethodWorker.java:146), org.testng.internal.TestMethodWorker.run(TestMethodWorker.java:128), java.base/java.util.ArrayList.forEach(ArrayList.java:1511), org.testng.TestRunner.privateRun(TestRunner.java:794), org.testng.TestRunner.run(TestRunner.java:596), org.testng.SuiteRunner.runTest(SuiteRunner.java:377), org.testng.SuiteRunner.runSequentially(SuiteRunner.java:371), org.testng.SuiteRunner.privateRun(SuiteRunner.java:332), org.testng.SuiteRunner.run(SuiteRunner.java:276), org.testng.SuiteRunnerWorker.runSuite(SuiteRunnerWorker.java:53), org.testng.SuiteRunnerWorker.run(SuiteRunnerWorker.java:96), org.testng.TestNG.runSuitesSequentially(TestNG.java:1212), org.testng.TestNG.runSuitesLocally(TestNG.java:1134), org.testng.TestNG.runSuites(TestNG.java:1063), org.testng.TestNG.run(TestNG.java:1031), org.apache.maven.surefire.testng.TestNGExecutor.run(TestNGExecutor.java:284), org.apache.maven.surefire.testng.TestNGXmlTestSuite.execute(TestNGXmlTestSuite.java:75), org.apache.maven.surefire.testng.TestNGProvider.invoke(TestNGProvider.java:119), org.apache.maven.surefire.booter.ForkedBooter.runSuitesInProcess(ForkedBooter.java:428), org.apache.maven.surefire.booter.ForkedBooter.execute(ForkedBooter.java:162), org.apache.maven.surefire.booter.ForkedBooter.run(ForkedBooter.java:562), org.apache.maven.surefire.booter.ForkedBooter.main(ForkedBooter.java:548)]
Test started: testCase1
Start time: 2024-06-04 02:53:21
Test passed: testCase1
End time: 2024-06-04 02:53:27
Parameters: []
Test started: testCase1
Start time: 2024-06-04 02:53:35
Test failed: testCase1
End time: 2024-06-04 02:53:42
Parameters: []
Reason: org.openqa.selenium.NoSuchElementException: no such element: Unable to locate element: {"method":"xpath","selector":"//div[@class='weekly-offers']/div[2]/div/div/div/div[1]/div/div[5]/div/div/div/h4[text()='Kingston']"}
  (Session info: chrome=125.0.6422.113)
For documentation on this error, please visit: https://selenium.dev/exceptions/#no_such_element
Build info: version: '4.1.0', revision: '87802e897b'
System info: host: 'VIJAYAKUMAR', ip: '192.168.0.97', os.name: 'Windows 11', os.arch: 'amd64', os.version: '10.0', java.version: '17.0.4.1'
Driver info: org.openqa.selenium.chrome.ChromeDriver
Command: [21df264ef95f7218cc3b126da59bb63e, findElement {using=xpath, value=//div[@class='weekly-offers']/div[2]/div/div/div/div[1]/div/div[5]/div/div/div/h4[text()='Kingston']}]
Capabilities {acceptInsecureCerts: false, browserName: chrome, browserVersion: 125.0.6422.113, chrome: {chromedriverVersion: 125.0.6422.141 (4b1e8393712..., userDataDir: C:\Users\kanni\AppData\Loca...}, fedcm:accounts: true, goog:chromeOptions: {debuggerAddress: localhost:59097}, javascriptEnabled: true, networkConnectionEnabled: false, pageLoadStrategy: normal, platform: WINDOWS, platformName: WINDOWS, proxy: Proxy(), se:cdp: ws://localhost:59097/devtoo..., se:cdpVersion: 125.0.6422.113, setWindowRect: true, strictFileInteractability: false, timeouts: {implicit: 0, pageLoad: 300000, script: 30000}, unhandledPromptBehavior: dismiss and notify, webauthn:extension:credBlob: true, webauthn:extension:largeBlob: true, webauthn:extension:minPinLength: true, webauthn:extension:prf: true, webauthn:virtualAuthenticators: true}
Session ID: 21df264ef95f7218cc3b126da59bb63e
Stack Trace: [java.base/jdk.internal.reflect.NativeConstructorAccessorImpl.newInstance0(Native Method), java.base/jdk.internal.reflect.NativeConstructorAccessorImpl.newInstance(NativeConstructorAccessorImpl.java:77), java.base/jdk.internal.reflect.DelegatingConstructorAccessorImpl.newInstance(DelegatingConstructorAccessorImpl.java:45), java.base/java.lang.reflect.Constructor.newInstanceWithCaller(Constructor.java:499), java.base/java.lang.reflect.Constructor.newInstance(Constructor.java:480), org.openqa.selenium.remote.codec.w3c.W3CHttpResponseCodec.createException(W3CHttpResponseCodec.java:200), org.openqa.selenium.remote.codec.w3c.W3CHttpResponseCodec.decode(W3CHttpResponseCodec.java:133), org.openqa.selenium.remote.codec.w3c.W3CHttpResponseCodec.decode(W3CHttpResponseCodec.java:53), org.openqa.selenium.remote.HttpCommandExecutor.execute(HttpCommandExecutor.java:184), org.openqa.selenium.remote.service.DriverCommandExecutor.invokeExecute(DriverCommandExecutor.java:164), org.openqa.selenium.remote.service.DriverCommandExecutor.execute(DriverCommandExecutor.java:139), org.openqa.selenium.remote.RemoteWebDriver.execute(RemoteWebDriver.java:559), org.openqa.selenium.remote.ElementLocation$ElementFinder$2.findElement(ElementLocation.java:162), org.openqa.selenium.remote.ElementLocation.findElement(ElementLocation.java:60), org.openqa.selenium.remote.RemoteWebDriver.findElement(RemoteWebDriver.java:383), org.openqa.selenium.remote.RemoteWebDriver.findElement(RemoteWebDriver.java:375), uiExecution.UIOperation.perform(UIOperation.java:124), uiExecution.UIOperation.Execution(UIOperation.java:107), testsuite.ReservationNowTestSuite.testCase1(ReservationNowTestSuite.java:55), java.base/jdk.internal.reflect.NativeMethodAccessorImpl.invoke0(Native Method), java.base/jdk.internal.reflect.NativeMethodAccessorImpl.invoke(NativeMethodAccessorImpl.java:77), java.base/jdk.internal.reflect.DelegatingMethodAccessorImpl.invoke(DelegatingMethodAccessorImpl.java:43), java.base/java.lang.reflect.Method.invoke(Method.java:568), org.testng.internal.MethodInvocationHelper.invokeMethod(MethodInvocationHelper.java:133), org.testng.internal.TestInvoker.invokeMethod(TestInvoker.java:598), org.testng.internal.TestInvoker.invokeTestMethod(TestInvoker.java:173), org.testng.internal.MethodRunner.runInSequence(MethodRunner.java:46), org.testng.internal.TestInvoker$MethodInvocationAgent.invoke(TestInvoker.java:824), org.testng.internal.TestInvoker.invokeTestMethods(TestInvoker.java:146), org.testng.internal.TestMethodWorker.invokeTestMethods(TestMethodWorker.java:146), org.testng.internal.TestMethodWorker.run(TestMethodWorker.java:128), java.base/java.util.ArrayList.forEach(ArrayList.java:1511), org.testng.TestRunner.privateRun(TestRunner.java:794), org.testng.TestRunner.run(TestRunner.java:596), org.testng.SuiteRunner.runTest(SuiteRunner.java:377), org.testng.SuiteRunner.runSequentially(SuiteRunner.java:371), org.testng.SuiteRunner.privateRun(SuiteRunner.java:332), org.testng.SuiteRunner.run(SuiteRunner.java:276), org.testng.SuiteRunnerWorker.runSuite(SuiteRunnerWorker.java:53), org.testng.SuiteRunnerWorker.run(SuiteRunnerWorker.java:96), org.testng.TestNG.runSuitesSequentially(TestNG.java:1212), org.testng.TestNG.runSuitesLocally(TestNG.java:1134), org.testng.TestNG.runSuites(TestNG.java:1063), org.testng.TestNG.run(TestNG.java:1031), org.apache.maven.surefire.testng.TestNGExecutor.run(TestNGExecutor.java:284), org.apache.maven.surefire.testng.TestNGXmlTestSuite.execute(TestNGXmlTestSuite.java:75), org.apache.maven.surefire.testng.TestNGProvider.invoke(TestNGProvider.java:119), org.apache.maven.surefire.booter.ForkedBooter.runSuitesInProcess(ForkedBooter.java:428), org.apache.maven.surefire.booter.ForkedBooter.execute(ForkedBooter.java:162), org.apache.maven.surefire.booter.ForkedBooter.run(ForkedBooter.java:562), org.apache.maven.surefire.booter.ForkedBooter.main(ForkedBooter.java:548)]
